<html>
<body>
<pre>
<h1>µVision Build Log</h1>
<h2>Tool Versions:</h2>
IDE-Version: µVision V5.24.2.0
Copyright (C) 2017 ARM Ltd and ARM Germany GmbH. All rights reserved.
License Information: Faith Spraktes, Utah State University, LIC=----
 
Tool Versions:
Toolchain:       MDK-Lite  Version: 5.24.1
Toolchain Path:  C:\Keil_v5\ARM\ARMCC\Bin
C Compiler:      Armcc.exe V5.06 update 5 (build 528)
Assembler:       Armasm.exe V5.06 update 5 (build 528)
Linker/Locator:  ArmLink.exe V5.06 update 5 (build 528)
Library Manager: ArmAr.exe V5.06 update 5 (build 528)
Hex Converter:   FromElf.exe V5.06 update 5 (build 528)
CPU DLL:         SARMCM3.DLL V5.24.1
Dialog DLL:      DCM.DLL V1.16.0.0
Target DLL:      STLink\ST-LINKIII-KEIL_SWO.dll V3.0.1.0
Dialog DLL:      TCM.DLL V1.32.0.0
 
<h2>Project:</h2>
C:\Users\A02049150\Documents\plugsy\Lab7\Lab7\lab7.uvprojx
Project File Date:  04/23/2021

<h2>Output:</h2>
*** Using Compiler 'V5.06 update 5 (build 528)', folder: 'C:\Keil_v5\ARM\ARMCC\Bin'
Build target 'Target 1'
compiling uart.c...
C:\Keil_v5\ARM\ARMCC\Bin\..\include\rw/_defs.h(781): error:  #20: identifier "namespace" is undefined
  
RWSTD_NAMESPACE_BEGIN (__rw)
C:\Keil_v5\ARM\ARMCC\Bin\..\include\rw/_defs.h(781): error:  #65: expected a ";"
  
RWSTD_NAMESPACE_BEGIN (__rw)
C:\Keil_v5\ARM\ARMCC\Bin\..\include\iosfwd(93): error:  #20: identifier "namespace" is undefined
  
RWSTD_NAMESPACE_BEGIN (std)
C:\Keil_v5\ARM\ARMCC\Bin\..\include\iosfwd(93): error:  #65: expected a ";"
  
RWSTD_NAMESPACE_BEGIN (std)
C:\Keil_v5\ARM\ARMCC\Bin\..\include\iosfwd(117): error:  #65: expected a ";"
  template<class _CharT,
C:\Keil_v5\ARM\ARMCC\Bin\..\include\iosfwd(122): error:  #65: expected a ";"
  template<class _CharT,
C:\Keil_v5\ARM\ARMCC\Bin\..\include\iosfwd(127): error:  #65: expected a ";"
  template<class _CharT,
C:\Keil_v5\ARM\ARMCC\Bin\..\include\iosfwd(131): error:  #65: expected a ";"
  template<class _CharT,
C:\Keil_v5\ARM\ARMCC\Bin\..\include\iosfwd(136): error:  #65: expected a ";"
  template<class _CharT,
C:\Keil_v5\ARM\ARMCC\Bin\..\include\iosfwd(141): error:  #65: expected a ";"
  template<class _CharT,
C:\Keil_v5\ARM\ARMCC\Bin\..\include\iosfwd(146): error:  #65: expected a ";"
  template<class _CharT,
C:\Keil_v5\ARM\ARMCC\Bin\..\include\iosfwd(150): error:  #65: expected a ";"
  template<class _CharT,
C:\Keil_v5\ARM\ARMCC\Bin\..\include\iosfwd(154): error:  #65: expected a ";"
  template<class _CharT,
C:\Keil_v5\ARM\ARMCC\Bin\..\include\iosfwd(158): error:  #65: expected a ";"
  template<class _CharT,
C:\Keil_v5\ARM\ARMCC\Bin\..\include\iosfwd(162): error:  #65: expected a ";"
  template<class _CharT,
C:\Keil_v5\ARM\ARMCC\Bin\..\include\iosfwd(167): error:  #65: expected a ";"
  template<class _CharT,
C:\Keil_v5\ARM\ARMCC\Bin\..\include\iosfwd(171): error:  #65: expected a ";"
  template<class _CharT,
C:\Keil_v5\ARM\ARMCC\Bin\..\include\iosfwd(175): error:  #65: expected a ";"
  template<class _CharT,
C:\Keil_v5\ARM\ARMCC\Bin\..\include\iosfwd(183): error:  #65: expected a ";"
  typedef basic_ios<char>                                    ios;
C:\Keil_v5\ARM\ARMCC\Bin\..\include\iosfwd(184): error:  #65: expected a ";"
  typedef basic_streambuf<char>                              streambuf;
C:\Keil_v5\ARM\ARMCC\Bin\..\include\iosfwd(185): error:  #65: expected a ";"
  typedef basic_istream<char>                                istream;
C:\Keil_v5\ARM\ARMCC\Bin\..\include\iosfwd(186): error:  #65: expected a ";"
  typedef basic_ostream<char>                                ostream;
C:\Keil_v5\ARM\ARMCC\Bin\..\include\iosfwd(187): error:  #65: expected a ";"
  typedef basic_stringbuf<char>                              stringbuf;
C:\Keil_v5\ARM\ARMCC\Bin\..\include\iosfwd(188): error:  #65: expected a ";"
  typedef basic_istringstream<char>                          istringstream;
C:\Keil_v5\ARM\ARMCC\Bin\..\include\iosfwd(189): error:  #65: expected a ";"
  typedef basic_ostringstream<char>                          ostringstream;
C:\Keil_v5\ARM\ARMCC\Bin\..\include\iosfwd(190): error:  #65: expected a ";"
  typedef basic_filebuf<char>                                filebuf;
C:\Keil_v5\ARM\ARMCC\Bin\..\include\iosfwd(191): error:  #65: expected a ";"
  typedef basic_ifstream<char>                               ifstream;
C:\Keil_v5\ARM\ARMCC\Bin\..\include\iosfwd(192): error:  #65: expected a ";"
  typedef basic_ofstream<char>                               ofstream;
C:\Keil_v5\ARM\ARMCC\Bin\..\include\iosfwd(193): error:  #65: expected a ";"
  typedef basic_fstream<char>                                fstream;
C:\Keil_v5\ARM\ARMCC\Bin\..\include\iosfwd(194): error:  #65: expected a ";"
  typedef basic_iostream<char>                               iostream;
uart.c: 0 warnings, 30 errors
compiling serial.c...
serial.h(12): warning:  #1-D: last line of file ends without a newline
  #endif
serial.c(47): warning:  #1-D: last line of file ends without a newline
  }
serial.c: 2 warnings, 0 errors
".\Objects\lab7.axf" - 30 Error(s), 2 Warning(s).

<h2>Software Packages used:</h2>

Package Vendor: Keil
                http://www.keil.com/pack/Keil.STM32L4xx_DFP.2.0.0.pack
                Keil.STM32L4xx_DFP.2.0.0
                STMicroelectronics STM32L4 Series Device Support, Drivers and Examples

<h2>Collection of Component include folders:</h2>
  .\RTE\_Target_1
  C:\Keil_v5\ARM\PACK\Keil\STM32L4xx_DFP\2.0.0\Drivers\CMSIS\Device\ST\STM32L4xx\Include

<h2>Collection of Component Files used:</h2>
Target not created.
Build Time Elapsed:  00:00:01
</pre>
</body>
</html>
